[debug] [2017-11-20T21:01:40.718Z] ----------------------------------------------------------------------
[debug] [2017-11-20T21:01:40.719Z] Command:       C:\Program Files\nodejs\node.exe C:\Users\manue\AppData\Roaming\npm\node_modules\firebase-tools\bin\firebase deploy
[debug] [2017-11-20T21:01:40.720Z] CLI Version:   3.15.1
[debug] [2017-11-20T21:01:40.720Z] Platform:      win32
[debug] [2017-11-20T21:01:40.720Z] Node Version:  v8.2.1
[debug] [2017-11-20T21:01:40.720Z] Time:          Mon Nov 20 2017 17:01:40 GMT-0400 (SA Western Standard Time)
[debug] [2017-11-20T21:01:40.720Z] ----------------------------------------------------------------------
[debug] 
[debug] [2017-11-20T21:01:40.737Z] > command requires scopes: ["email","openid","https://www.googleapis.com/auth/cloudplatformprojects.readonly","https://www.googleapis.com/auth/firebase","https://www.googleapis.com/auth/cloud-platform"]
[debug] [2017-11-20T21:01:40.737Z] > authorizing via signed-in user
[debug] [2017-11-20T21:01:40.739Z] > refreshing access token with scopes: ["email","https://www.googleapis.com/auth/cloud-platform","https://www.googleapis.com/auth/cloudplatformprojects.readonly","https://www.googleapis.com/auth/firebase","openid"]
[debug] [2017-11-20T21:01:40.739Z] >>> HTTP REQUEST POST https://www.googleapis.com/oauth2/v3/token { refresh_token: '1/CgtQEkhZEj0wqGweHEMuk_owE80-xbwLCse1L0bUxUc',
  client_id: '563584335869-fgrhgmd47bqnekij5i8b5pr03ho849e6.apps.googleusercontent.com',
  client_secret: 'j9iVZfS8kkCEFUPaAeJV0sAi',
  grant_type: 'refresh_token',
  scope: 'email https://www.googleapis.com/auth/cloud-platform https://www.googleapis.com/auth/cloudplatformprojects.readonly https://www.googleapis.com/auth/firebase openid' } 
 Mon Nov 20 2017 17:01:40 GMT-0400 (SA Western Standard Time)
[debug] [2017-11-20T21:01:41.279Z] <<< HTTP RESPONSE 200
[debug] [2017-11-20T21:01:41.286Z] >>> HTTP REQUEST GET https://admin.firebase.com/v1/projects/tesis-1-596e6  
 Mon Nov 20 2017 17:01:41 GMT-0400 (SA Western Standard Time)
[debug] [2017-11-20T21:01:42.398Z] <<< HTTP RESPONSE 200
[debug] [2017-11-20T21:01:42.399Z] >>> HTTP REQUEST GET https://admin.firebase.com/v1/database/tesis-1-596e6/tokens  
 Mon Nov 20 2017 17:01:42 GMT-0400 (SA Western Standard Time)
[debug] [2017-11-20T21:01:43.015Z] <<< HTTP RESPONSE 200
[info] 
[info] === Deploying to 'tesis-1-596e6'...
[info] 
[info] i  deploying hosting
[info] i  hosting: preparing dist directory for upload...
[debug] [2017-11-20T21:01:44.741Z] >>> HTTP REQUEST PUT https://deploy.firebase.com/v1/hosting/tesis-1-596e6/uploads/-KzQE97kRuO5EvlCpfcU?fileCount=23&message=  
 Mon Nov 20 2017 17:01:44 GMT-0400 (SA Western Standard Time)
